<?xml version="1.0" encoding="UTF-8"?>
<beans xmlns="http://www.springframework.org/schema/beans"
	xmlns:xsi="http://www.w3.org/2001/XMLSchema-instance"
	xsi:schemaLocation="http://www.springframework.org/schema/beans
				http://www.springframework.org/schema/beans/spring-beans-3.0.xsd">
	
	<bean id="userDao" class="springbook.user.dao.UserDaoJdbc">
		<property name="dataSource" ref="dataSource"/>
		<property name="sqlService" ref="sqlService"/>
		
	</bean>
	
	<bean id="sqlService" class="springbook.user.sqlservice.SimpleSqlService">
		<property name="sqlMap">
			<map>
				<entry key="userAdd" value="insert into users(id,name,password,email, level, login, recommend) values(?,?,?,?,?,?,?)" />
				<entry key="userGet" value="select * from users where id = ?" />
				<entry key="userGetAll" value="select * from users order by id" />
				<entry key="userDeleteAll" value="delete from users" />
				<entry key="userGetCount" value="select count(*) from users" />
				<entry key="userUpdate" value="update users set name = ?, password = ?, level = ?, login = ?,recommend = ?, email = ? where id = ?" />
			</map>
		</property>
	</bean>
	
	<bean id="dataSource" class="org.springframework.jdbc.datasource.SimpleDriverDataSource">
		<property name="driverClass" value="com.mysql.jdbc.Driver"/>
		<property name="url" value="jdbc:mysql://localhost:3306/testdb"/>
		<property name="username" value="jmh"/>
		<property name="password" value="jmh"/>
	</bean>
	
	<bean id="transactionManager" class="org.springframework.jdbc.datasource.DataSourceTransactionManager">
		<property name="dataSource" ref="dataSource"/>
	</bean>

	<bean id="userService" class="springbook.user.service.UserServiceTx">
		<property name="transactionManager" ref="transactionManager"/>
		<property name="userService" ref="userServiceImpl"/>
	</bean>
	
	<bean id="userServiceImpl" class="springbook.user.service.UserServiceImpl">
		<property name="userDao" ref="userDao"/>
		<property name="mailSender" ref="mailSender"/>
	</bean>
	
	<bean id="mailSender" class="springbook.user.service.DummyMailSender"/>
	
	<bean id="Oracle" class="org.springframework.jdbc.support.SQLErrorCodes">
		<property name="badSqlGrammarCodes">
			<value>900,903,904,917,936,942,17006</value>
		</property>
		<property name="invalidResultSetAccessCodes">
			<value>17003</value>
		</property>
		<property name="duplicateKeyCodes">
			<value>1</value>
		</property>
		<property name="dataIntegrityViolationCodes">
			<value>1400,1722,2291,2292</value>
		</property>
		<property name="dataAccessResourceFailureCodes">
			<value>17002,17447</value>
		</property>
	</bean>
</beans>